Start testing: Mar 15 17:55 MSK
----------------------------------------------------------
1/1 Testing: gradcheck
1/1 Test: gradcheck
Command: "/Users/samoilov2004/Desktop/TinyGrad/build/gradcheck"
Directory: /Users/samoilov2004/Desktop/TinyGrad/build
"gradcheck" start time: Mar 15 17:55 MSK
Output:
----------------------------------------------------------
gradcheck: ok
<end of output>
Test time =   0.00 sec
----------------------------------------------------------
Test Passed.
"gradcheck" end time: Mar 15 17:55 MSK
"gradcheck" time elapsed: 00:00:00
----------------------------------------------------------

End testing: Mar 15 17:55 MSK
